Detecting CXX compiler ABI info failed to compile with the following output:
Change Dir: /mnt/c/Users/viole/Desktop/ERASMUS/CPS2004-OOP/build/CMakeFiles/CMakeTmp

Run Build Command(s):/usr/bin/ninja cmTC_e8018 && [1/2] Building CXX object CMakeFiles/cmTC_e8018.dir/CMakeCXXCompilerABI.cpp.o
g++.exe: error: /usr/share/cmake-3.22/Modules/CMakeCXXCompilerABI.cpp: No such file or directory
Using built-in specs.
COLLECT_GCC=g++.exe
Target: mingw32
Configured with: ../src/gcc-9.2.0/configure --build=x86_64-pc-linux-gnu --host=mingw32 --target=mingw32 --disable-win32-registry --with-arch=i586 --with-tune=generic --enable-static --enable-shared --enable-threads --enable-languages=c,c++,objc,obj-c++,fortran,ada --with-dwarf2 --disable-sjlj-exceptions --enable-version-specific-runtime-libs --enable-libgomp --disable-libvtv --with-libiconv-prefix=/mingw --with-libintl-prefix=/mingw --enable-libstdcxx-debug --disable-build-format-warnings --prefix=/mingw --with-gmp=/mingw --with-mpfr=/mingw --with-mpc=/mingw --with-isl=/mingw --enable-nls --with-pkgversion='MinGW.org GCC Build-2'
Thread model: win32
gcc version 9.2.0 (MinGW.org GCC Build-2) 
[2/2] Linking CXX executable cmTC_e8018
FAILED: cmTC_e8018 
: && /mnt/c/MinGW/bin/g++.exe  -v CMakeFiles/cmTC_e8018.dir/CMakeCXXCompilerABI.cpp.o -o cmTC_e8018   && :
g++.exe: error: CMakeFiles/cmTC_e8018.dir/CMakeCXXCompilerABI.cpp.o: No such file or directory
Using built-in specs.
COLLECT_GCC=g++.exe
COLLECT_LTO_WRAPPER=c:/mingw/bin/../libexec/gcc/mingw32/9.2.0/lto-wrapper.exe
Target: mingw32
Configured with: ../src/gcc-9.2.0/configure --build=x86_64-pc-linux-gnu --host=mingw32 --target=mingw32 --disable-win32-registry --with-arch=i586 --with-tune=generic --enable-static --enable-shared --enable-threads --enable-languages=c,c++,objc,obj-c++,fortran,ada --with-dwarf2 --disable-sjlj-exceptions --enable-version-specific-runtime-libs --enable-libgomp --disable-libvtv --with-libiconv-prefix=/mingw --with-libintl-prefix=/mingw --enable-libstdcxx-debug --disable-build-format-warnings --prefix=/mingw --with-gmp=/mingw --with-mpfr=/mingw --with-mpc=/mingw --with-isl=/mingw --enable-nls --with-pkgversion='MinGW.org GCC Build-2'
Thread model: win32
gcc version 9.2.0 (MinGW.org GCC Build-2) 
g++.exe: fatal error: no input files
compilation terminated.
ninja: build stopped: subcommand failed.




Determining if the CXX compiler works failed with the following output:
Change Dir: /mnt/c/Users/viole/Desktop/ERASMUS/CPS2004-OOP/build/CMakeFiles/CMakeTmp

Run Build Command(s):/usr/bin/ninja cmTC_416e9 && [1/2] Building CXX object CMakeFiles/cmTC_416e9.dir/testCXXCompiler.cxx.o
FAILED: CMakeFiles/cmTC_416e9.dir/testCXXCompiler.cxx.o 
/mnt/c/MinGW/bin/g++.exe    -o CMakeFiles/cmTC_416e9.dir/testCXXCompiler.cxx.o -c /mnt/c/Users/viole/Desktop/ERASMUS/CPS2004-OOP/build/CMakeFiles/CMakeTmp/testCXXCompiler.cxx
g++.exe: error: /mnt/c/Users/viole/Desktop/ERASMUS/CPS2004-OOP/build/CMakeFiles/CMakeTmp/testCXXCompiler.cxx: No such file or directory
g++.exe: fatal error: no input files
compilation terminated.
ninja: build stopped: subcommand failed.



